make -C ./configure install 
make[1]: Entering directory `/opt/codac-4.1/epics/modules/areaDetector/ADCrayDl/configure'
perl -CSD /opt/codac/epics/base/bin/linux-x86_64/makeMakefile.pl O.linux-x86_64 ../..
mkdir O.Common
make -C O.linux-x86_64 -f ../Makefile TOP=../.. \
	    T_A=linux-x86_64 install
make[2]: Entering directory `/opt/codac-4.1/epics/modules/areaDetector/ADCrayDl/configure/O.linux-x86_64'
perl -CSD /opt/codac/epics/base/bin/linux-x86_64/convertRelease.pl checkRelease
make[2]: Leaving directory `/opt/codac-4.1/epics/modules/areaDetector/ADCrayDl/configure/O.linux-x86_64'
make[1]: Leaving directory `/opt/codac-4.1/epics/modules/areaDetector/ADCrayDl/configure'
make -C ./ADCrayDlApp install 
make[1]: Entering directory `/opt/codac-4.1/epics/modules/areaDetector/ADCrayDl/ADCrayDlApp'
make -C ./src install 
make[2]: Entering directory `/opt/codac-4.1/epics/modules/areaDetector/ADCrayDl/ADCrayDlApp/src'
perl -CSD /opt/codac/epics/base/bin/linux-x86_64/makeMakefile.pl O.linux-x86_64 ../../..
mkdir O.Common
make -C O.linux-x86_64 -f ../Makefile TOP=../../.. \
	    T_A=linux-x86_64 install
make[3]: Entering directory `/opt/codac-4.1/epics/modules/areaDetector/ADCrayDl/ADCrayDlApp/src/O.linux-x86_64'
/usr/bin/g++  -D_GNU_SOURCE -D_DEFAULT_SOURCE            -D_X86_64_  -DUNIX  -Dlinux     -O3 -g   -Wall      -mtune=generic     -m64 -fPIC -std=c++0x -I /opt/rayonix/include -L /opt/rayonix/lib64 -lcraydl -I. -I../O.Common -I. -I. -I.. -I../../../include/compiler/gcc -I../../../include/os/Linux -I../../../include  -I/opt/codac/epics/modules/autosave/include/os/Linux -I/opt/codac/epics/modules/autosave/include   -I/opt/rayonix/include            -I/opt/codac/epics/modules/asyn/include     -I/opt/codac/epics/modules/areaDetector/ADSupport/include/os/Linux -I/opt/codac/epics/modules/areaDetector/ADSupport/include   -I/opt/codac/epics/modules/areaDetector/ADCore/include -I/opt/codac/epics/base/include/compiler/gcc -I/opt/codac/epics/base/include/os/Linux -I/opt/codac/epics/base/include   -I/opt/codac/epics/modules/pvCommonCPP/include   -I/opt/codac/epics/modules/pvAccessCPP/include   -I/opt/codac/epics/modules/pvDataCPP/include   -I/opt/codac/epics/modules/pvDatabaseCPP/include   -I/opt/codac/epics/modules/normativeTypesCPP/include        -MM -MF ADCrayDlStorage.d  ../ADCrayDlStorage.cpp
/usr/bin/g++  -D_GNU_SOURCE -D_DEFAULT_SOURCE            -D_X86_64_  -DUNIX  -Dlinux     -O3 -g   -Wall      -mtune=generic     -m64 -fPIC -std=c++0x -I /opt/rayonix/include -L /opt/rayonix/lib64 -lcraydl -I. -I../O.Common -I. -I. -I.. -I../../../include/compiler/gcc -I../../../include/os/Linux -I../../../include  -I/opt/codac/epics/modules/autosave/include/os/Linux -I/opt/codac/epics/modules/autosave/include   -I/opt/rayonix/include            -I/opt/codac/epics/modules/asyn/include     -I/opt/codac/epics/modules/areaDetector/ADSupport/include/os/Linux -I/opt/codac/epics/modules/areaDetector/ADSupport/include   -I/opt/codac/epics/modules/areaDetector/ADCore/include -I/opt/codac/epics/base/include/compiler/gcc -I/opt/codac/epics/base/include/os/Linux -I/opt/codac/epics/base/include   -I/opt/codac/epics/modules/pvCommonCPP/include   -I/opt/codac/epics/modules/pvAccessCPP/include   -I/opt/codac/epics/modules/pvDataCPP/include   -I/opt/codac/epics/modules/pvDatabaseCPP/include   -I/opt/codac/epics/modules/normativeTypesCPP/include        -MM -MF ADCrayDl.d  ../ADCrayDl.cpp
make[3]: Leaving directory `/opt/codac-4.1/epics/modules/areaDetector/ADCrayDl/ADCrayDlApp/src/O.linux-x86_64'
make[3]: Entering directory `/opt/codac-4.1/epics/modules/areaDetector/ADCrayDl/ADCrayDlApp/src/O.linux-x86_64'
/usr/bin/g++  -D_GNU_SOURCE -D_DEFAULT_SOURCE            -D_X86_64_  -DUNIX  -Dlinux     -O3 -g   -Wall      -mtune=generic     -m64 -fPIC -std=c++0x -I /opt/rayonix/include -L /opt/rayonix/lib64 -lcraydl -I. -I../O.Common -I. -I. -I.. -I../../../include/compiler/gcc -I../../../include/os/Linux -I../../../include  -I/opt/codac/epics/modules/autosave/include/os/Linux -I/opt/codac/epics/modules/autosave/include   -I/opt/rayonix/include            -I/opt/codac/epics/modules/asyn/include     -I/opt/codac/epics/modules/areaDetector/ADSupport/include/os/Linux -I/opt/codac/epics/modules/areaDetector/ADSupport/include   -I/opt/codac/epics/modules/areaDetector/ADCore/include -I/opt/codac/epics/base/include/compiler/gcc -I/opt/codac/epics/base/include/os/Linux -I/opt/codac/epics/base/include   -I/opt/codac/epics/modules/pvCommonCPP/include   -I/opt/codac/epics/modules/pvAccessCPP/include   -I/opt/codac/epics/modules/pvDataCPP/include   -I/opt/codac/epics/modules/pvDatabaseCPP/include   -I/opt/codac/epics/modules/normativeTypesCPP/include        -c ../ADCrayDl.cpp
/usr/bin/g++  -D_GNU_SOURCE -D_DEFAULT_SOURCE            -D_X86_64_  -DUNIX  -Dlinux     -O3 -g   -Wall      -mtune=generic     -m64 -fPIC -std=c++0x -I /opt/rayonix/include -L /opt/rayonix/lib64 -lcraydl -I. -I../O.Common -I. -I. -I.. -I../../../include/compiler/gcc -I../../../include/os/Linux -I../../../include  -I/opt/codac/epics/modules/autosave/include/os/Linux -I/opt/codac/epics/modules/autosave/include   -I/opt/rayonix/include            -I/opt/codac/epics/modules/asyn/include     -I/opt/codac/epics/modules/areaDetector/ADSupport/include/os/Linux -I/opt/codac/epics/modules/areaDetector/ADSupport/include   -I/opt/codac/epics/modules/areaDetector/ADCore/include -I/opt/codac/epics/base/include/compiler/gcc -I/opt/codac/epics/base/include/os/Linux -I/opt/codac/epics/base/include   -I/opt/codac/epics/modules/pvCommonCPP/include   -I/opt/codac/epics/modules/pvAccessCPP/include   -I/opt/codac/epics/modules/pvDataCPP/include   -I/opt/codac/epics/modules/pvDatabaseCPP/include   -I/opt/codac/epics/modules/normativeTypesCPP/include        -c ../ADCrayDlStorage.cpp
/usr/bin/ar -rc    libADCrayDl.a         ADCrayDl.o ADCrayDlStorage.o
/usr/bin/ranlib libADCrayDl.a
/usr/bin/g++ -o libADCrayDl.so -shared -fPIC -Wl,-hlibADCrayDl.so -L/opt/codac-4.1/epics/modules/areaDetector/ADCrayDl/lib/linux-x86_64 -L/opt/codac-4.1/epics/base/lib/linux-x86_64 -L/opt/codac-4.1/epics/modules/areaDetector/ADCore/lib/linux-x86_64 -L/opt/codac-4.1/epics/modules/areaDetector/ADSupport/lib/linux-x86_64 -L/opt/codac-4.1/epics/modules/asyn/lib/linux-x86_64 -L/opt/codac-4.1/epics/modules/normativeTypesCPP/lib/linux-x86_64 -L/opt/codac-4.1/epics/modules/pvAccessCPP/lib/linux-x86_64 -L/opt/codac-4.1/epics/modules/pvDataCPP/lib/linux-x86_64 -L/opt/codac-4.1/epics/modules/pvDatabaseCPP/lib/linux-x86_64 -Wl,-rpath,/opt/codac-4.1/epics/modules/areaDetector/ADCrayDl/lib/linux-x86_64 -Wl,-rpath,/opt/codac-4.1/epics/base/lib/linux-x86_64 -Wl,-rpath,/opt/codac-4.1/epics/modules/areaDetector/ADCore/lib/linux-x86_64 -Wl,-rpath,/opt/codac-4.1/epics/modules/areaDetector/ADSupport/lib/linux-x86_64 -Wl,-rpath,/opt/codac-4.1/epics/modules/asyn/lib/linux-x86_64 -Wl,-rpath,/opt/codac-4.1/epics/modules/normativeTypesCPP/lib/linux-x86_64 -Wl,-rpath,/opt/codac-4.1/epics/modules/pvAccessCPP/lib/linux-x86_64 -Wl,-rpath,/opt/codac-4.1/epics/modules/pvDataCPP/lib/linux-x86_64 -Wl,-rpath,/opt/codac-4.1/epics/modules/pvDatabaseCPP/lib/linux-x86_64           -rdynamic -m64             ADCrayDl.o ADCrayDlStorage.o   -lADBase -lasyn -lntndArrayConverter -lnt -lpvDatabase -lpvAccess -lpvData -lnetCDF -lMagick++ -lcoders -lMagick -ljbig -ljp2 -lbzlib -lpng -lwebp -llcms -lttf -lwmf -lfilters -ltiff -ljpeg -lxml2 -lNeXus -lhdf5 -lblosc -lszip -lzlib -ldbRecStd -ldbCore -lca -lCom  -lX11 -lXext -lpthread   -lreadline -lm -lrt -ldl -lgcc
Installing shared library ../../../lib/linux-x86_64/libADCrayDl.so
Installing library ../../../lib/linux-x86_64/libADCrayDl.a
make[3]: Leaving directory `/opt/codac-4.1/epics/modules/areaDetector/ADCrayDl/ADCrayDlApp/src/O.linux-x86_64'
make[2]: Leaving directory `/opt/codac-4.1/epics/modules/areaDetector/ADCrayDl/ADCrayDlApp/src'
make -C ./Db install 
make[2]: Entering directory `/opt/codac-4.1/epics/modules/areaDetector/ADCrayDl/ADCrayDlApp/Db'
perl -CSD /opt/codac/epics/base/bin/linux-x86_64/makeMakefile.pl O.linux-x86_64 ../../..
mkdir O.Common
make -C O.linux-x86_64 -f ../Makefile TOP=../../.. \
	    T_A=linux-x86_64 install
make[3]: Entering directory `/opt/codac-4.1/epics/modules/areaDetector/ADCrayDl/ADCrayDlApp/Db/O.linux-x86_64'
make[3]: Nothing to be done for `install'.
make[3]: Leaving directory `/opt/codac-4.1/epics/modules/areaDetector/ADCrayDl/ADCrayDlApp/Db/O.linux-x86_64'
make[2]: Leaving directory `/opt/codac-4.1/epics/modules/areaDetector/ADCrayDl/ADCrayDlApp/Db'
make -C ./op install 
make[2]: Entering directory `/opt/codac-4.1/epics/modules/areaDetector/ADCrayDl/ADCrayDlApp/op'
make[2]: Nothing to be done for `install'.
make[2]: Leaving directory `/opt/codac-4.1/epics/modules/areaDetector/ADCrayDl/ADCrayDlApp/op'
make[1]: Leaving directory `/opt/codac-4.1/epics/modules/areaDetector/ADCrayDl/ADCrayDlApp'
make -C ./iocs install 
make[1]: Entering directory `/opt/codac-4.1/epics/modules/areaDetector/ADCrayDl/iocs'
make -C ./ADCrayDlIOC install 
make[2]: Entering directory `/opt/codac-4.1/epics/modules/areaDetector/ADCrayDl/iocs/ADCrayDlIOC'
make -C ./configure install 
make[3]: Entering directory `/opt/codac-4.1/epics/modules/areaDetector/ADCrayDl/iocs/ADCrayDlIOC/configure'
perl -CSD /opt/codac-4.1/epics/base/bin/linux-x86_64/makeMakefile.pl O.linux-x86_64 ../..
mkdir O.Common
make -C O.linux-x86_64 -f ../Makefile TOP=../.. \
	    T_A=linux-x86_64 install
make[4]: Entering directory `/opt/codac-4.1/epics/modules/areaDetector/ADCrayDl/iocs/ADCrayDlIOC/configure/O.linux-x86_64'
perl -CSD /opt/codac-4.1/epics/base/bin/linux-x86_64/convertRelease.pl checkRelease
make[4]: Leaving directory `/opt/codac-4.1/epics/modules/areaDetector/ADCrayDl/iocs/ADCrayDlIOC/configure/O.linux-x86_64'
make[3]: Leaving directory `/opt/codac-4.1/epics/modules/areaDetector/ADCrayDl/iocs/ADCrayDlIOC/configure'
make -C ./ADCrayDlApp install 
make[3]: Entering directory `/opt/codac-4.1/epics/modules/areaDetector/ADCrayDl/iocs/ADCrayDlIOC/ADCrayDlApp'
make -C ./Db install 
make[4]: Entering directory `/opt/codac-4.1/epics/modules/areaDetector/ADCrayDl/iocs/ADCrayDlIOC/ADCrayDlApp/Db'
perl -CSD /opt/codac-4.1/epics/base/bin/linux-x86_64/makeMakefile.pl O.linux-x86_64 ../../..
mkdir O.Common
make -C O.linux-x86_64 -f ../Makefile TOP=../../.. \
	    T_A=linux-x86_64 install
make[5]: Entering directory `/opt/codac-4.1/epics/modules/areaDetector/ADCrayDl/iocs/ADCrayDlIOC/ADCrayDlApp/Db/O.linux-x86_64'
make[5]: Nothing to be done for `install'.
make[5]: Leaving directory `/opt/codac-4.1/epics/modules/areaDetector/ADCrayDl/iocs/ADCrayDlIOC/ADCrayDlApp/Db/O.linux-x86_64'
make[4]: Leaving directory `/opt/codac-4.1/epics/modules/areaDetector/ADCrayDl/iocs/ADCrayDlIOC/ADCrayDlApp/Db'
make -C ./src install 
make[4]: Entering directory `/opt/codac-4.1/epics/modules/areaDetector/ADCrayDl/iocs/ADCrayDlIOC/ADCrayDlApp/src'
perl -CSD /opt/codac-4.1/epics/base/bin/linux-x86_64/makeMakefile.pl O.linux-x86_64 ../../..
mkdir O.Common
make -C O.linux-x86_64 -f ../Makefile TOP=../../.. \
	    T_A=linux-x86_64 install
make[5]: Entering directory `/opt/codac-4.1/epics/modules/areaDetector/ADCrayDl/iocs/ADCrayDlIOC/ADCrayDlApp/src/O.linux-x86_64'
/usr/bin/g++  -D_GNU_SOURCE -D_DEFAULT_SOURCE            -D_X86_64_  -DUNIX  -Dlinux     -O3 -g   -Wall      -mtune=generic     -m64  -std=c++0x -I /opt/rayonix/include -L /opt/rayonix/lib64 -lcraydl -I. -I../O.Common -I. -I. -I.. -I../../../include/compiler/gcc -I../../../include/os/Linux -I../../../include      -I/opt/codac-4.1/epics/base//../modules/asyn/include     -I/opt/codac-4.1/epics/base//../modules/areaDetector/ADSupport/include/os/Linux -I/opt/codac-4.1/epics/base//../modules/areaDetector/ADSupport/include   -I/opt/codac-4.1/epics/base//../modules/areaDetector/ADCore/include  -I/opt/codac-4.1/epics/base//../modules/autosave/include/os/Linux -I/opt/codac-4.1/epics/base//../modules/autosave/include   -I/opt/codac-4.1/epics/base//../modules/busy/include   -I/opt/codac-4.1/epics/base//../modules/calc/include   -I/opt/codac-4.1/epics/base//../modules/seq/include   -I/opt/codac-4.1/epics/base//../modules/sscan/include -I/opt/codac-4.1/epics/base//include/compiler/gcc -I/opt/codac-4.1/epics/base//include/os/Linux -I/opt/codac-4.1/epics/base//include   -I/opt/codac-4.1/epics/base//../modules/pvCommonCPP/include   -I/opt/codac-4.1/epics/base//../modules/pvAccessCPP/include   -I/opt/codac-4.1/epics/base//../modules/pvDataCPP/include   -I/opt/codac-4.1/epics/base//../modules/pvDatabaseCPP/include   -I/opt/codac-4.1/epics/base//../modules/normativeTypesCPP/include   -I/opt/codac-4.1/epics/base//../modules/areaDetector/ADCrayDl/include   -I/opt/rayonix/include              -MM -MF ADCrayDlAppMain.d  ../ADCrayDlAppMain.cpp
Creating dbd file ADCrayDlApp.dbd
perl -CSD /opt/codac-4.1/epics/base/bin/linux-x86_64/dbdExpand.pl   -I. -I.. -I../O.Common -I../../../dbd -I/opt/codac-4.1/epics/base//../modules/asyn/dbd -I/opt/codac-4.1/epics/base//../modules/areaDetector/ADCore/dbd -I/opt/codac-4.1/epics/base//../modules/autosave/dbd -I/opt/codac-4.1/epics/base//../modules/busy/dbd -I/opt/codac-4.1/epics/base//../modules/calc/dbd -I/opt/codac-4.1/epics/base//../modules/seq/dbd -I/opt/codac-4.1/epics/base//../modules/sscan/dbd -I/opt/codac-4.1/epics/base//dbd -I/opt/codac-4.1/epics/base//../modules/pvAccessCPP/dbd -I/opt/codac-4.1/epics/base//../modules/pvDatabaseCPP/dbd -I/opt/codac-4.1/epics/base//../modules/areaDetector/ADCrayDl/dbd -o ADCrayDlApp.dbd ADCrayDlSupport.dbd base.dbd NDPluginSupport.dbd ADSupport.dbd NDFileNull.dbd NDPluginPva.dbd PVAServerRegister.dbd NDFileNetCDF.dbd NDFileMagick.dbd NDFileTIFF.dbd NDFileJPEG.dbd NDFileNexus.dbd NDFileHDF5.dbd asyn.dbd asSupport.dbd busySupport.dbd calcSupport.dbd sscanSupport.dbd
perl -CSD /opt/codac-4.1/epics/base/bin/linux-x86_64/registerRecordDeviceDriver.pl   -I. -I.. -I../O.Common -I../../../dbd -I/opt/codac-4.1/epics/base//../modules/asyn/dbd -I/opt/codac-4.1/epics/base//../modules/areaDetector/ADCore/dbd -I/opt/codac-4.1/epics/base//../modules/autosave/dbd -I/opt/codac-4.1/epics/base//../modules/busy/dbd -I/opt/codac-4.1/epics/base//../modules/calc/dbd -I/opt/codac-4.1/epics/base//../modules/seq/dbd -I/opt/codac-4.1/epics/base//../modules/sscan/dbd -I/opt/codac-4.1/epics/base//dbd -I/opt/codac-4.1/epics/base//../modules/pvAccessCPP/dbd -I/opt/codac-4.1/epics/base//../modules/pvDatabaseCPP/dbd -I/opt/codac-4.1/epics/base//../modules/areaDetector/ADCrayDl/dbd    -o ADCrayDlApp_registerRecordDeviceDriver.cpp ../O.Common/ADCrayDlApp.dbd ADCrayDlApp_registerRecordDeviceDriver /opt/codac-4.1/epics/modules/areaDetector/ADCrayDl/iocs/ADCrayDlIOC
/usr/bin/g++  -D_GNU_SOURCE -D_DEFAULT_SOURCE            -D_X86_64_  -DUNIX  -Dlinux     -O3 -g   -Wall      -mtune=generic     -m64  -std=c++0x -I /opt/rayonix/include -L /opt/rayonix/lib64 -lcraydl -I. -I../O.Common -I. -I. -I.. -I../../../include/compiler/gcc -I../../../include/os/Linux -I../../../include      -I/opt/codac-4.1/epics/base//../modules/asyn/include     -I/opt/codac-4.1/epics/base//../modules/areaDetector/ADSupport/include/os/Linux -I/opt/codac-4.1/epics/base//../modules/areaDetector/ADSupport/include   -I/opt/codac-4.1/epics/base//../modules/areaDetector/ADCore/include  -I/opt/codac-4.1/epics/base//../modules/autosave/include/os/Linux -I/opt/codac-4.1/epics/base//../modules/autosave/include   -I/opt/codac-4.1/epics/base//../modules/busy/include   -I/opt/codac-4.1/epics/base//../modules/calc/include   -I/opt/codac-4.1/epics/base//../modules/seq/include   -I/opt/codac-4.1/epics/base//../modules/sscan/include -I/opt/codac-4.1/epics/base//include/compiler/gcc -I/opt/codac-4.1/epics/base//include/os/Linux -I/opt/codac-4.1/epics/base//include   -I/opt/codac-4.1/epics/base//../modules/pvCommonCPP/include   -I/opt/codac-4.1/epics/base//../modules/pvAccessCPP/include   -I/opt/codac-4.1/epics/base//../modules/pvDataCPP/include   -I/opt/codac-4.1/epics/base//../modules/pvDatabaseCPP/include   -I/opt/codac-4.1/epics/base//../modules/normativeTypesCPP/include   -I/opt/codac-4.1/epics/base//../modules/areaDetector/ADCrayDl/include   -I/opt/rayonix/include              -MM -MF ADCrayDlApp_registerRecordDeviceDriver.d  ADCrayDlApp_registerRecordDeviceDriver.cpp
make[5]: Leaving directory `/opt/codac-4.1/epics/modules/areaDetector/ADCrayDl/iocs/ADCrayDlIOC/ADCrayDlApp/src/O.linux-x86_64'
make[5]: Entering directory `/opt/codac-4.1/epics/modules/areaDetector/ADCrayDl/iocs/ADCrayDlIOC/ADCrayDlApp/src/O.linux-x86_64'
Installing created dbd file ../../../dbd/ADCrayDlApp.dbd
/usr/bin/g++  -D_GNU_SOURCE -D_DEFAULT_SOURCE            -D_X86_64_  -DUNIX  -Dlinux     -O3 -g   -Wall      -mtune=generic     -m64  -std=c++0x -I /opt/rayonix/include -L /opt/rayonix/lib64 -lcraydl -I. -I../O.Common -I. -I. -I.. -I../../../include/compiler/gcc -I../../../include/os/Linux -I../../../include      -I/opt/codac-4.1/epics/base//../modules/asyn/include     -I/opt/codac-4.1/epics/base//../modules/areaDetector/ADSupport/include/os/Linux -I/opt/codac-4.1/epics/base//../modules/areaDetector/ADSupport/include   -I/opt/codac-4.1/epics/base//../modules/areaDetector/ADCore/include  -I/opt/codac-4.1/epics/base//../modules/autosave/include/os/Linux -I/opt/codac-4.1/epics/base//../modules/autosave/include   -I/opt/codac-4.1/epics/base//../modules/busy/include   -I/opt/codac-4.1/epics/base//../modules/calc/include   -I/opt/codac-4.1/epics/base//../modules/seq/include   -I/opt/codac-4.1/epics/base//../modules/sscan/include -I/opt/codac-4.1/epics/base//include/compiler/gcc -I/opt/codac-4.1/epics/base//include/os/Linux -I/opt/codac-4.1/epics/base//include   -I/opt/codac-4.1/epics/base//../modules/pvCommonCPP/include   -I/opt/codac-4.1/epics/base//../modules/pvAccessCPP/include   -I/opt/codac-4.1/epics/base//../modules/pvDataCPP/include   -I/opt/codac-4.1/epics/base//../modules/pvDatabaseCPP/include   -I/opt/codac-4.1/epics/base//../modules/normativeTypesCPP/include   -I/opt/codac-4.1/epics/base//../modules/areaDetector/ADCrayDl/include   -I/opt/rayonix/include              -c ADCrayDlApp_registerRecordDeviceDriver.cpp
/usr/bin/g++  -D_GNU_SOURCE -D_DEFAULT_SOURCE            -D_X86_64_  -DUNIX  -Dlinux     -O3 -g   -Wall      -mtune=generic     -m64  -std=c++0x -I /opt/rayonix/include -L /opt/rayonix/lib64 -lcraydl -I. -I../O.Common -I. -I. -I.. -I../../../include/compiler/gcc -I../../../include/os/Linux -I../../../include      -I/opt/codac-4.1/epics/base//../modules/asyn/include     -I/opt/codac-4.1/epics/base//../modules/areaDetector/ADSupport/include/os/Linux -I/opt/codac-4.1/epics/base//../modules/areaDetector/ADSupport/include   -I/opt/codac-4.1/epics/base//../modules/areaDetector/ADCore/include  -I/opt/codac-4.1/epics/base//../modules/autosave/include/os/Linux -I/opt/codac-4.1/epics/base//../modules/autosave/include   -I/opt/codac-4.1/epics/base//../modules/busy/include   -I/opt/codac-4.1/epics/base//../modules/calc/include   -I/opt/codac-4.1/epics/base//../modules/seq/include   -I/opt/codac-4.1/epics/base//../modules/sscan/include -I/opt/codac-4.1/epics/base//include/compiler/gcc -I/opt/codac-4.1/epics/base//include/os/Linux -I/opt/codac-4.1/epics/base//include   -I/opt/codac-4.1/epics/base//../modules/pvCommonCPP/include   -I/opt/codac-4.1/epics/base//../modules/pvAccessCPP/include   -I/opt/codac-4.1/epics/base//../modules/pvDataCPP/include   -I/opt/codac-4.1/epics/base//../modules/pvDatabaseCPP/include   -I/opt/codac-4.1/epics/base//../modules/normativeTypesCPP/include   -I/opt/codac-4.1/epics/base//../modules/areaDetector/ADCrayDl/include   -I/opt/rayonix/include              -c ../ADCrayDlAppMain.cpp
/usr/bin/g++ -o ADCrayDlApp  -L/opt/codac-4.1/epics/modules/areaDetector/ADCrayDl/iocs/ADCrayDlIOC/lib/linux-x86_64 -L/opt/codac-4.1/epics/modules/areaDetector/ADCore/lib/linux-x86_64 -L/opt/codac-4.1/epics/modules/areaDetector/ADCrayDl/lib/linux-x86_64 -L/opt/codac-4.1/epics/modules/areaDetector/ADSupport/lib/linux-x86_64 -L/opt/codac-4.1/epics/modules/asyn/lib/linux-x86_64 -L/opt/codac-4.1/epics/modules/autosave/lib/linux-x86_64 -L/opt/codac-4.1/epics/modules/busy/lib/linux-x86_64 -L/opt/codac-4.1/epics/modules/calc/lib/linux-x86_64 -L/opt/codac-4.1/epics/modules/normativeTypesCPP/lib/linux-x86_64 -L/opt/codac-4.1/epics/modules/pvAccessCPP/lib/linux-x86_64 -L/opt/codac-4.1/epics/modules/pvDataCPP/lib/linux-x86_64 -L/opt/codac-4.1/epics/modules/pvDatabaseCPP/lib/linux-x86_64 -L/opt/codac-4.1/epics/modules/seq/lib/linux-x86_64 -L/opt/codac-4.1/epics/modules/sscan/lib/linux-x86_64 -L/opt/codac-4.1/epics/base/lib/linux-x86_64 -L/opt/rayonix/lib64 -Wl,-rpath,/opt/codac-4.1/epics/modules/areaDetector/ADCrayDl/iocs/ADCrayDlIOC/lib/linux-x86_64 -Wl,-rpath,/opt/codac-4.1/epics/modules/areaDetector/ADCore/lib/linux-x86_64 -Wl,-rpath,/opt/codac-4.1/epics/modules/areaDetector/ADCrayDl/lib/linux-x86_64 -Wl,-rpath,/opt/codac-4.1/epics/modules/areaDetector/ADSupport/lib/linux-x86_64 -Wl,-rpath,/opt/codac-4.1/epics/modules/asyn/lib/linux-x86_64 -Wl,-rpath,/opt/codac-4.1/epics/modules/autosave/lib/linux-x86_64 -Wl,-rpath,/opt/codac-4.1/epics/modules/busy/lib/linux-x86_64 -Wl,-rpath,/opt/codac-4.1/epics/modules/calc/lib/linux-x86_64 -Wl,-rpath,/opt/codac-4.1/epics/modules/normativeTypesCPP/lib/linux-x86_64 -Wl,-rpath,/opt/codac-4.1/epics/modules/pvAccessCPP/lib/linux-x86_64 -Wl,-rpath,/opt/codac-4.1/epics/modules/pvDataCPP/lib/linux-x86_64 -Wl,-rpath,/opt/codac-4.1/epics/modules/pvDatabaseCPP/lib/linux-x86_64 -Wl,-rpath,/opt/codac-4.1/epics/modules/seq/lib/linux-x86_64 -Wl,-rpath,/opt/codac-4.1/epics/modules/sscan/lib/linux-x86_64 -Wl,-rpath,/opt/codac-4.1/epics/base/lib/linux-x86_64 -Wl,-rpath,/opt/rayonix/lib64           -rdynamic -m64             ADCrayDlApp_registerRecordDeviceDriver.o ADCrayDlAppMain.o   -lADCrayDl -lNDPlugin -lADBase -lntndArrayConverter -lnt -lpvDatabase -lpvAccessIOC -lpvAccessCA -lpvAccess -lpvData -lnetCDF -lMagick++ -lcoders -lMagick -ljbig -ljp2 -lbzlib -lpng -lwebp -llcms -lttf -lwmf -lfilters -ltiff -ljpeg -lxml2 -lNeXus -lhdf5 -lblosc -lszip -lzlib -lasyn -lautosave -lbusy -lcalc -lsscan -lseq -lpv -ldbRecStd -ldbCore -lca -lCom  -lcraydl -lX11 -lXext 
Installing created executable ../../../bin/linux-x86_64/ADCrayDlApp
make[5]: Leaving directory `/opt/codac-4.1/epics/modules/areaDetector/ADCrayDl/iocs/ADCrayDlIOC/ADCrayDlApp/src/O.linux-x86_64'
make[4]: Leaving directory `/opt/codac-4.1/epics/modules/areaDetector/ADCrayDl/iocs/ADCrayDlIOC/ADCrayDlApp/src'
make[3]: Leaving directory `/opt/codac-4.1/epics/modules/areaDetector/ADCrayDl/iocs/ADCrayDlIOC/ADCrayDlApp'
make -C ./iocBoot install 
make[3]: Entering directory `/opt/codac-4.1/epics/modules/areaDetector/ADCrayDl/iocs/ADCrayDlIOC/iocBoot'
make -C ./iocHDF5Test install 
make[4]: Entering directory `/opt/codac-4.1/epics/modules/areaDetector/ADCrayDl/iocs/ADCrayDlIOC/iocBoot/iocHDF5Test'
perl -CSD /opt/codac-4.1/epics/base/bin/linux-x86_64/convertRelease.pl -t /opt/codac-4.1/epics/modules/areaDetector/ADCrayDl/iocs/ADCrayDlIOC envPaths
perl -CSD /opt/codac-4.1/epics/base/bin/linux-x86_64/convertRelease.pl -a linux-x86_64 -t /opt/codac-4.1/epics/modules/areaDetector/ADCrayDl/iocs/ADCrayDlIOC cdCommands
perl -CSD /opt/codac-4.1/epics/base/bin/linux-x86_64/convertRelease.pl -a linux-x86_64 -t /opt/codac-4.1/epics/modules/areaDetector/ADCrayDl/iocs/ADCrayDlIOC dllPath.bat
make[4]: Leaving directory `/opt/codac-4.1/epics/modules/areaDetector/ADCrayDl/iocs/ADCrayDlIOC/iocBoot/iocHDF5Test'
make -C ./iocRayonix install 
make[4]: Entering directory `/opt/codac-4.1/epics/modules/areaDetector/ADCrayDl/iocs/ADCrayDlIOC/iocBoot/iocRayonix'
perl -CSD /opt/codac-4.1/epics/base/bin/linux-x86_64/convertRelease.pl -t /opt/codac-4.1/epics/modules/areaDetector/ADCrayDl/iocs/ADCrayDlIOC envPaths
perl -CSD /opt/codac-4.1/epics/base/bin/linux-x86_64/convertRelease.pl -a linux-x86_64 -t /opt/codac-4.1/epics/modules/areaDetector/ADCrayDl/iocs/ADCrayDlIOC cdCommands
perl -CSD /opt/codac-4.1/epics/base/bin/linux-x86_64/convertRelease.pl -a linux-x86_64 -t /opt/codac-4.1/epics/modules/areaDetector/ADCrayDl/iocs/ADCrayDlIOC dllPath.bat
make[4]: Leaving directory `/opt/codac-4.1/epics/modules/areaDetector/ADCrayDl/iocs/ADCrayDlIOC/iocBoot/iocRayonix'
make[3]: Leaving directory `/opt/codac-4.1/epics/modules/areaDetector/ADCrayDl/iocs/ADCrayDlIOC/iocBoot'
make[2]: Leaving directory `/opt/codac-4.1/epics/modules/areaDetector/ADCrayDl/iocs/ADCrayDlIOC'
make[1]: Leaving directory `/opt/codac-4.1/epics/modules/areaDetector/ADCrayDl/iocs'
